<?xml version="1.0" encoding="UTF-8"?>
<!-- Generated by org.testng.reporters.JUnitXMLReporter -->
<testsuite ignored="0" hostname="Rohit" failures="0" tests="1" name="Test" time="0.181" errors="0" timestamp="2024-04-09T12:38:28 IST">
  <testcase classname="com.DC.testCase.BaseClass" name="@BeforeClass setup" time="-1.712646508585E9">
    <failure type="org.testng.TestNGException" message="
Parameter &amp;apos;browser&amp;apos; is required by BeforeClass on method setup but has not been marked @Optional or defined
in C:\Users\User\eclipse-workspace\DC\testng2.xml">
      <![CDATA[org.testng.TestNGException: 
Parameter 'browser' is required by BeforeClass on method setup but has not been marked @Optional or defined
in C:\Users\User\eclipse-workspace\DC\testng2.xml
at java.base/java.util.ArrayList.forEach(ArrayList.java:1511)
... Removed 22 stack frames]]>
    </failure>
  </testcase> <!-- @BeforeClass setup -->
  <testcase classname="com.DC.testCase.BaseClass" name="@AfterClass tearDown" time="0.0">
    <skipped/>
  </testcase> <!-- @AfterClass tearDown -->
  <testcase classname="com.DC.testCase.Direction" name="directionTest" time="0.001">
    <skipped/>
  </testcase> <!-- directionTest -->
</testsuite> <!-- Test -->
